<?xml version="1.0" encoding="UTF-8"?>
<coverage generated="1785848376384" clover="3.2.0">
  <project timestamp="1785848376384" name="All files">
    <metrics statements="107" coveredstatements="106" conditionals="122" coveredconditionals="86" methods="25" coveredmethods="22" elements="254" coveredelements="214" complexity="0" loc="107" ncloc="107" packages="9" files="11" classes="11"/>
    <package name="src">
      <metrics statements="10" coveredstatements="10" conditionals="15" coveredconditionals="7" methods="1" coveredmethods="1"/>
      <file name="GifsApp.tsx" path="C:\Users\jose\Documents\proyectos react\gifs-app\src\GifsApp.tsx">
        <metrics statements="10" coveredstatements="10" conditionals="15" coveredconditionals="7" methods="1" coveredmethods="1"/>
        <line num="8" count="1" type="stmt"/>
        <line num="11" count="1" type="cond" truecount="1" falsecount="1"/>
        <line num="14" count="1" type="stmt"/>
        <line num="16" count="1" type="stmt"/>
        <line num="19" count="1" type="cond" truecount="1" falsecount="1"/>
        <line num="22" count="1" type="cond" truecount="2" falsecount="2"/>
        <line num="25" count="1" type="stmt"/>
        <line num="28" count="1" type="cond" truecount="1" falsecount="1"/>
        <line num="31" count="1" type="cond" truecount="2" falsecount="3"/>
        <line num="32" count="1" type="stmt"/>
      </file>
    </package>
    <package name="src.components">
      <metrics statements="26" coveredstatements="26" conditionals="37" coveredconditionals="23" methods="8" coveredmethods="8"/>
      <file name="CustomHeader.tsx" path="C:\Users\jose\Documents\proyectos react\gifs-app\src\components\CustomHeader.tsx">
        <metrics statements="5" coveredstatements="5" conditionals="10" coveredconditionals="6" methods="1" coveredmethods="1"/>
        <line num="7" count="4" type="cond" truecount="1" falsecount="1"/>
        <line num="9" count="4" type="stmt"/>
        <line num="10" count="4" type="cond" truecount="1" falsecount="1"/>
        <line num="11" count="4" type="cond" truecount="4" falsecount="2"/>
        <line num="12" count="4" type="stmt"/>
      </file>
      <file name="SearchBar.tsx" path="C:\Users\jose\Documents\proyectos react\gifs-app\src\components\SearchBar.tsx">
        <metrics statements="21" coveredstatements="21" conditionals="27" coveredconditionals="17" methods="7" coveredmethods="7"/>
        <line num="9" count="14" type="cond" truecount="2" falsecount="0"/>
        <line num="11" count="14" type="cond" truecount="3" falsecount="1"/>
        <line num="17" count="14" type="stmt"/>
        <line num="18" count="14" type="stmt"/>
        <line num="19" count="2" type="stmt"/>
        <line num="20" count="14" type="stmt"/>
        <line num="24" count="14" type="stmt"/>
        <line num="26" count="14" type="cond" truecount="3" falsecount="1"/>
        <line num="29" count="14" type="stmt"/>
        <line num="30" count="2" type="stmt"/>
        <line num="32" count="14" type="cond" truecount="1" falsecount="1"/>
        <line num="35" count="14" type="stmt"/>
        <line num="36" count="1" type="cond" truecount="1" falsecount="1"/>
        <line num="37" count="1" type="stmt"/>
        <line num="39" count="14" type="cond" truecount="2" falsecount="0"/>
        <line num="42" count="14" type="stmt"/>
        <line num="43" count="14" type="stmt"/>
        <line num="47" count="14" type="cond" truecount="2" falsecount="3"/>
        <line num="49" count="14" type="cond" truecount="1" falsecount="1"/>
        <line num="50" count="14" type="cond" truecount="2" falsecount="2"/>
        <line num="51" count="14" type="stmt"/>
      </file>
    </package>
    <package name="src.counter.components">
      <metrics statements="14" coveredstatements="14" conditionals="21" coveredconditionals="18" methods="1" coveredmethods="1"/>
      <file name="MyCounterApp.tsx" path="C:\Users\jose\Documents\proyectos react\gifs-app\src\counter\components\MyCounterApp.tsx">
        <metrics statements="14" coveredstatements="14" conditionals="21" coveredconditionals="18" methods="1" coveredmethods="1"/>
        <line num="3" count="7" type="stmt"/>
        <line num="5" count="7" type="cond" truecount="2" falsecount="0"/>
        <line num="8" count="7" type="stmt"/>
        <line num="9" count="5" type="stmt"/>
        <line num="13" count="7" type="cond" truecount="1" falsecount="1"/>
        <line num="15" count="7" type="cond" truecount="2" falsecount="0"/>
        <line num="17" count="5" type="stmt"/>
        <line num="18" count="5" type="stmt"/>
        <line num="21" count="7" type="cond" truecount="2" falsecount="0"/>
        <line num="23" count="7" type="cond" truecount="2" falsecount="0"/>
        <line num="24" count="7" type="cond" truecount="2" falsecount="0"/>
        <line num="25" count="7" type="cond" truecount="5" falsecount="0"/>
        <line num="26" count="7" type="cond" truecount="2" falsecount="2"/>
        <line num="27" count="7" type="stmt"/>
      </file>
    </package>
    <package name="src.counter.hooks">
      <metrics statements="13" coveredstatements="13" conditionals="12" coveredconditionals="10" methods="5" coveredmethods="5"/>
      <file name="useCounter.tsx" path="C:\Users\jose\Documents\proyectos react\gifs-app\src\counter\hooks\useCounter.tsx">
        <metrics statements="13" coveredstatements="13" conditionals="12" coveredconditionals="10" methods="5" coveredmethods="5"/>
        <line num="4" count="14" type="cond" truecount="2" falsecount="0"/>
        <line num="5" count="14" type="cond" truecount="2" falsecount="0"/>
        <line num="7" count="14" type="stmt"/>
        <line num="8" count="7" type="stmt"/>
        <line num="9" count="14" type="cond" truecount="2" falsecount="0"/>
        <line num="11" count="14" type="stmt"/>
        <line num="12" count="2" type="stmt"/>
        <line num="13" count="14" type="cond" truecount="2" falsecount="0"/>
        <line num="15" count="14" type="stmt"/>
        <line num="16" count="1" type="stmt"/>
        <line num="17" count="14" type="cond" truecount="2" falsecount="2"/>
        <line num="20" count="14" type="stmt"/>
        <line num="28" count="14" type="stmt"/>
      </file>
    </package>
    <package name="src.gifs.actions">
      <metrics statements="8" coveredstatements="8" conditionals="2" coveredconditionals="2" methods="2" coveredmethods="2"/>
      <file name="get-gifs-by-query.ts" path="C:\Users\jose\Documents\proyectos react\gifs-app\src\gifs\actions\get-gifs-by-query.ts">
        <metrics statements="8" coveredstatements="8" conditionals="2" coveredconditionals="2" methods="2" coveredmethods="2"/>
        <line num="6" count="3" type="stmt"/>
        <line num="7" count="6" type="cond" truecount="2" falsecount="0"/>
        <line num="8" count="1" type="stmt"/>
        <line num="11" count="5" type="stmt"/>
        <line num="13" count="5" type="stmt"/>
        <line num="21" count="40" type="stmt"/>
        <line num="29" count="1" type="stmt"/>
        <line num="30" count="1" type="stmt"/>
      </file>
    </package>
    <package name="src.gifs.api">
      <metrics statements="1" coveredstatements="1" conditionals="0" coveredconditionals="0" methods="0" coveredmethods="0"/>
      <file name="giphy-api.ts" path="C:\Users\jose\Documents\proyectos react\gifs-app\src\gifs\api\giphy-api.ts">
        <metrics statements="1" coveredstatements="1" conditionals="0" coveredconditionals="0" methods="0" coveredmethods="0"/>
        <line num="4" count="4" type="stmt"/>
      </file>
    </package>
    <package name="src.gifs.components">
      <metrics statements="12" coveredstatements="11" conditionals="14" coveredconditionals="7" methods="5" coveredmethods="2"/>
      <file name="GifsList.tsx" path="C:\Users\jose\Documents\proyectos react\gifs-app\src\gifs\components\GifsList.tsx">
        <metrics statements="5" coveredstatements="5" conditionals="4" coveredconditionals="2" methods="2" coveredmethods="1"/>
        <line num="7" count="1" type="cond" truecount="1" falsecount="1"/>
        <line num="9" count="1" type="stmt"/>
        <line num="10" count="1" type="stmt"/>
        <line num="18" count="1" type="cond" truecount="1" falsecount="1"/>
        <line num="19" count="1" type="stmt"/>
      </file>
      <file name="PreviousSearches.tsx" path="C:\Users\jose\Documents\proyectos react\gifs-app\src\gifs\components\PreviousSearches.tsx">
        <metrics statements="7" coveredstatements="6" conditionals="10" coveredconditionals="5" methods="3" coveredmethods="1"/>
        <line num="7" count="1" type="cond" truecount="1" falsecount="1"/>
        <line num="9" count="1" type="stmt"/>
        <line num="10" count="1" type="cond" truecount="3" falsecount="3"/>
        <line num="12" count="1" type="stmt"/>
        <line num="13" count="0" type="stmt"/>
        <line num="16" count="1" type="cond" truecount="1" falsecount="1"/>
        <line num="18" count="1" type="stmt"/>
      </file>
    </package>
    <package name="src.gifs.hooks">
      <metrics statements="22" coveredstatements="22" conditionals="21" coveredconditionals="19" methods="3" coveredmethods="3"/>
      <file name="useGifs.tsx" path="C:\Users\jose\Documents\proyectos react\gifs-app\src\gifs\hooks\useGifs.tsx">
        <metrics statements="22" coveredstatements="22" conditionals="21" coveredconditionals="19" methods="3" coveredmethods="3"/>
        <line num="6" count="19" type="cond" truecount="2" falsecount="0"/>
        <line num="8" count="19" type="cond" truecount="2" falsecount="0"/>
        <line num="9" count="19" type="cond" truecount="2" falsecount="0"/>
        <line num="13" count="19" type="cond" truecount="2" falsecount="0"/>
        <line num="15" count="19" type="stmt"/>
        <line num="16" count="3" type="cond" truecount="2" falsecount="0"/>
        <line num="18" count="1" type="stmt"/>
        <line num="22" count="2" type="stmt"/>
        <line num="24" count="2" type="stmt"/>
        <line num="27" count="2" type="stmt"/>
        <line num="28" count="19" type="cond" truecount="2" falsecount="0"/>
        <line num="31" count="19" type="stmt"/>
        <line num="32" count="10" type="stmt"/>
        <line num="34" count="10" type="cond" truecount="1" falsecount="1"/>
        <line num="37" count="10" type="cond" truecount="1" falsecount="1"/>
        <line num="40" count="10" type="stmt"/>
        <line num="43" count="10" type="stmt"/>
        <line num="46" count="10" type="stmt"/>
        <line num="49" count="10" type="stmt"/>
        <line num="50" count="19" type="cond" truecount="5" falsecount="0"/>
        <line num="52" count="18" type="stmt"/>
        <line num="60" count="19" type="stmt"/>
      </file>
    </package>
    <package name="test.mocks">
      <metrics statements="1" coveredstatements="1" conditionals="0" coveredconditionals="0" methods="0" coveredmethods="0"/>
      <file name="giphy-response-data.ts" path="C:\Users\jose\Documents\proyectos react\gifs-app\test\mocks\giphy-response-data.ts">
        <metrics statements="1" coveredstatements="1" conditionals="0" coveredconditionals="0" methods="0" coveredmethods="0"/>
        <line num="1" count="1" type="stmt"/>
      </file>
    </package>
  </project>
</coverage>
