{"C:\\Users\\jose\\Documents\\proyectos react\\gifs-app\\src\\GifsApp.tsx": {"path":"C:\\Users\\jose\\Documents\\proyectos react\\gifs-app\\src\\GifsApp.tsx","statementMap":{"0":{"start":{"line":8,"column":13},"end":{"line":32,"column":null}},"1":{"start":{"line":8,"column":23},"end":{"line":8,"column":null}},"2":{"start":{"line":11,"column":4},"end":{"line":11,"column":12}},"3":{"start":{"line":11,"column":14},"end":{"line":19,"column":null}},"4":{"start":{"line":16,"column":6},"end":{"line":18,"column":null}},"5":{"start":{"line":19,"column":8},"end":{"line":19,"column":null}},"6":{"start":{"line":19,"column":8},"end":{"line":22,"column":null}},"7":{"start":{"line":22,"column":6},"end":{"line":22,"column":69}},"8":{"start":{"line":22,"column":69},"end":{"line":22,"column":null}},"9":{"start":{"line":22,"column":69},"end":{"line":28,"column":null}},"10":{"start":{"line":25,"column":6},"end":{"line":27,"column":null}},"11":{"start":{"line":28,"column":8},"end":{"line":28,"column":null}},"12":{"start":{"line":28,"column":8},"end":{"line":31,"column":null}},"13":{"start":{"line":31,"column":6},"end":{"line":31,"column":30}},"14":{"start":{"line":31,"column":30},"end":{"line":31,"column":null}},"15":{"start":{"line":31,"column":30},"end":{"line":32,"column":null}},"16":{"start":{"line":14,"column":4},"end":{"line":31,"column":null}},"17":{"start":{"line":32,"column":7},"end":{"line":32,"column":null}},"18":{"start":{"line":32,"column":7},"end":{"line":14,"column":null}}},"fnMap":{"0":{"name":"(anonymous_0)","decl":{"start":{"line":8,"column":13},"end":{"line":8,"column":23}},"loc":{"start":{"line":8,"column":23},"end":{"line":32,"column":null}},"line":8}},"branchMap":{"0":{"loc":{"start":{"line":11,"column":14},"end":{"line":19,"column":null}},"type":"if","locations":[{"start":{"line":11,"column":14},"end":{"line":19,"column":null}},{"start":{"line":19,"column":8},"end":{"line":19,"column":null}}],"line":11},"1":{"loc":{"start":{"line":19,"column":8},"end":{"line":22,"column":null}},"type":"if","locations":[{"start":{"line":19,"column":8},"end":{"line":22,"column":null}},{"start":{"line":22,"column":69},"end":{"line":22,"column":null}}],"line":19},"2":{"loc":{"start":{"line":22,"column":69},"end":{"line":28,"column":null}},"type":"if","locations":[{"start":{"line":22,"column":69},"end":{"line":28,"column":null}},{"start":{"line":28,"column":8},"end":{"line":28,"column":null}}],"line":22},"3":{"loc":{"start":{"line":22,"column":69},"end":{"line":22,"column":null}},"type":"binary-expr","locations":[{"start":{"line":22,"column":69},"end":{"line":22,"column":null}},{"start":{"line":22,"column":69},"end":{"line":22,"column":null}}],"line":22},"4":{"loc":{"start":{"line":28,"column":8},"end":{"line":31,"column":null}},"type":"if","locations":[{"start":{"line":28,"column":8},"end":{"line":31,"column":null}},{"start":{"line":31,"column":30},"end":{"line":31,"column":null}}],"line":28},"5":{"loc":{"start":{"line":31,"column":30},"end":{"line":32,"column":null}},"type":"if","locations":[{"start":{"line":31,"column":30},"end":{"line":32,"column":null}},{"start":{"line":32,"column":7},"end":{"line":32,"column":null}}],"line":31},"6":{"loc":{"start":{"line":31,"column":30},"end":{"line":31,"column":null}},"type":"binary-expr","locations":[{"start":{"line":31,"column":30},"end":{"line":31,"column":null}},{"start":{"line":31,"column":30},"end":{"line":31,"column":null}},{"start":{"line":31,"column":30},"end":{"line":31,"column":null}}],"line":31}},"s":{"0":1,"1":1,"2":1,"3":1,"4":1,"5":0,"6":1,"7":1,"8":0,"9":1,"10":1,"11":0,"12":1,"13":1,"14":0,"15":1,"16":1,"17":0,"18":1},"f":{"0":1},"b":{"0":[1,0],"1":[1,0],"2":[1,0],"3":[1,0],"4":[1,0],"5":[1,0],"6":[1,0,0]},"meta":{"lastBranch":7,"lastFunction":1,"lastStatement":19,"seen":{"s:8:13:32:Infinity":0,"f:8:13:8:23":0,"s:8:23:8:Infinity":1,"s:11:4:11:12":2,"b:11:14:19:Infinity:19:8:19:Infinity":0,"s:11:14:19:Infinity":3,"s:16:6:18:Infinity":4,"s:19:8:19:Infinity":5,"b:19:8:22:Infinity:22:69:22:Infinity":1,"s:19:8:22:Infinity":6,"s:22:6:22:69":7,"s:22:69:22:Infinity":8,"b:22:69:28:Infinity:28:8:28:Infinity":2,"s:22:69:28:Infinity":9,"b:22:69:22:Infinity:22:69:22:Infinity":3,"s:25:6:27:Infinity":10,"s:28:8:28:Infinity":11,"b:28:8:31:Infinity:31:30:31:Infinity":4,"s:28:8:31:Infinity":12,"s:31:6:31:30":13,"s:31:30:31:Infinity":14,"b:31:30:32:Infinity:32:7:32:Infinity":5,"s:31:30:32:Infinity":15,"b:31:30:31:Infinity:31:30:31:Infinity:31:30:31:Infinity":6,"s:14:4:31:Infinity":16,"s:32:7:32:Infinity":17,"s:32:7:14:Infinity":18},"fnNames":{}}}
,"C:\\Users\\jose\\Documents\\proyectos react\\gifs-app\\src\\components\\CustomHeader.tsx": {"path":"C:\\Users\\jose\\Documents\\proyectos react\\gifs-app\\src\\components\\CustomHeader.tsx","statementMap":{"0":{"start":{"line":7,"column":13},"end":{"line":12,"column":null}},"1":{"start":{"line":7,"column":28},"end":{"line":7,"column":29}},"2":{"start":{"line":7,"column":29},"end":{"line":7,"column":58}},"3":{"start":{"line":7,"column":58},"end":{"line":10,"column":null}},"4":{"start":{"line":10,"column":6},"end":{"line":10,"column":null}},"5":{"start":{"line":10,"column":22},"end":{"line":10,"column":null}},"6":{"start":{"line":10,"column":22},"end":{"line":11,"column":null}},"7":{"start":{"line":11,"column":7},"end":{"line":11,"column":null}},"8":{"start":{"line":11,"column":42},"end":{"line":11,"column":null}},"9":{"start":{"line":11,"column":42},"end":{"line":12,"column":null}},"10":{"start":{"line":9,"column":4},"end":{"line":12,"column":null}},"11":{"start":{"line":12,"column":14},"end":{"line":12,"column":null}},"12":{"start":{"line":12,"column":14},"end":{"line":9,"column":23}}},"fnMap":{"0":{"name":"(anonymous_0)","decl":{"start":{"line":7,"column":13},"end":{"line":7,"column":28}},"loc":{"start":{"line":7,"column":28},"end":{"line":12,"column":null}},"line":7}},"branchMap":{"0":{"loc":{"start":{"line":7,"column":58},"end":{"line":10,"column":null}},"type":"if","locations":[{"start":{"line":7,"column":58},"end":{"line":10,"column":null}},{"start":{"line":10,"column":22},"end":{"line":10,"column":null}}],"line":7},"1":{"loc":{"start":{"line":10,"column":22},"end":{"line":11,"column":null}},"type":"if","locations":[{"start":{"line":10,"column":22},"end":{"line":11,"column":null}},{"start":{"line":11,"column":42},"end":{"line":11,"column":null}}],"line":10},"2":{"loc":{"start":{"line":11,"column":7},"end":{"line":11,"column":null}},"type":"binary-expr","locations":[{"start":{"line":11,"column":7},"end":{"line":11,"column":22}},{"start":{"line":11,"column":22},"end":{"line":11,"column":null}}],"line":11},"3":{"loc":{"start":{"line":11,"column":42},"end":{"line":12,"column":null}},"type":"if","locations":[{"start":{"line":11,"column":42},"end":{"line":12,"column":null}},{"start":{"line":12,"column":14},"end":{"line":12,"column":null}}],"line":11},"4":{"loc":{"start":{"line":11,"column":42},"end":{"line":11,"column":null}},"type":"binary-expr","locations":[{"start":{"line":11,"column":42},"end":{"line":11,"column":null}},{"start":{"line":11,"column":42},"end":{"line":11,"column":null}}],"line":11}},"s":{"0":2,"1":4,"2":4,"3":4,"4":4,"5":0,"6":4,"7":4,"8":0,"9":4,"10":4,"11":0,"12":4},"f":{"0":4},"b":{"0":[4,0],"1":[4,0],"2":[4,2],"3":[4,0],"4":[4,0]},"meta":{"lastBranch":5,"lastFunction":1,"lastStatement":13,"seen":{"s:7:13:12:Infinity":0,"f:7:13:7:28":0,"s:7:28:7:29":1,"s:7:29:7:58":2,"b:7:58:10:Infinity:10:22:10:Infinity":0,"s:7:58:10:Infinity":3,"s:10:6:10:Infinity":4,"s:10:22:10:Infinity":5,"b:10:22:11:Infinity:11:42:11:Infinity":1,"s:10:22:11:Infinity":6,"s:11:7:11:Infinity":7,"b:11:7:11:22:11:22:11:Infinity":2,"s:11:42:11:Infinity":8,"b:11:42:12:Infinity:12:14:12:Infinity":3,"s:11:42:12:Infinity":9,"b:11:42:11:Infinity:11:42:11:Infinity":4,"s:9:4:12:Infinity":10,"s:12:14:12:Infinity":11,"s:12:14:9:23":12},"fnNames":{}}}
,"C:\\Users\\jose\\Documents\\proyectos react\\gifs-app\\src\\components\\SearchBar.tsx": {"path":"C:\\Users\\jose\\Documents\\proyectos react\\gifs-app\\src\\components\\SearchBar.tsx","statementMap":{"0":{"start":{"line":9,"column":13},"end":{"line":51,"column":null}},"1":{"start":{"line":9,"column":25},"end":{"line":9,"column":26}},"2":{"start":{"line":9,"column":26},"end":{"line":9,"column":28}},"3":{"start":{"line":9,"column":28},"end":{"line":9,"column":null}},"4":{"start":{"line":11,"column":28},"end":{"line":11,"column":41}},"5":{"start":{"line":11,"column":41},"end":{"line":26,"column":22}},"6":{"start":{"line":17,"column":12},"end":{"line":25,"column":null}},"7":{"start":{"line":18,"column":22},"end":{"line":20,"column":12}},"8":{"start":{"line":19,"column":6},"end":{"line":19,"column":20}},"9":{"start":{"line":20,"column":12},"end":{"line":24,"column":null}},"10":{"start":{"line":24,"column":6},"end":{"line":24,"column":29}},"11":{"start":{"line":26,"column":5},"end":{"line":26,"column":21}},"12":{"start":{"line":26,"column":21},"end":{"line":26,"column":22}},"13":{"start":{"line":17,"column":2},"end":{"line":26,"column":22}},"14":{"start":{"line":26,"column":22},"end":{"line":32,"column":4}},"15":{"start":{"line":29,"column":23},"end":{"line":30,"column":null}},"16":{"start":{"line":30,"column":4},"end":{"line":30,"column":18}},"17":{"start":{"line":32,"column":3},"end":{"line":32,"column":4}},"18":{"start":{"line":29,"column":23},"end":{"line":29,"column":null}},"19":{"start":{"line":32,"column":4},"end":{"line":39,"column":4}},"20":{"start":{"line":35,"column":24},"end":{"line":38,"column":null}},"21":{"start":{"line":36,"column":4},"end":{"line":37,"column":null}},"22":{"start":{"line":37,"column":6},"end":{"line":37,"column":20}},"23":{"start":{"line":39,"column":3},"end":{"line":39,"column":4}},"24":{"start":{"line":35,"column":24},"end":{"line":35,"column":null}},"25":{"start":{"line":39,"column":4},"end":{"line":47,"column":null}},"26":{"start":{"line":47,"column":18},"end":{"line":47,"column":57}},"27":{"start":{"line":47,"column":29},"end":{"line":47,"column":57}},"28":{"start":{"line":47,"column":57},"end":{"line":47,"column":null}},"29":{"start":{"line":47,"column":57},"end":{"line":49,"column":null}},"30":{"start":{"line":43,"column":6},"end":{"line":48,"column":null}},"31":{"start":{"line":49,"column":8},"end":{"line":49,"column":null}},"32":{"start":{"line":49,"column":8},"end":{"line":50,"column":null}},"33":{"start":{"line":50,"column":6},"end":{"line":50,"column":null}},"34":{"start":{"line":50,"column":52},"end":{"line":50,"column":null}},"35":{"start":{"line":50,"column":52},"end":{"line":51,"column":null}},"36":{"start":{"line":42,"column":4},"end":{"line":51,"column":null}},"37":{"start":{"line":51,"column":14},"end":{"line":51,"column":null}},"38":{"start":{"line":51,"column":14},"end":{"line":42,"column":23}}},"fnMap":{"0":{"name":"(anonymous_0)","decl":{"start":{"line":9,"column":13},"end":{"line":9,"column":25}},"loc":{"start":{"line":9,"column":25},"end":{"line":51,"column":null}},"line":9},"1":{"name":"(anonymous_1)","decl":{"start":{"line":17,"column":12},"end":{"line":17,"column":null}},"loc":{"start":{"line":17,"column":12},"end":{"line":25,"column":null}},"line":17},"2":{"name":"(anonymous_2)","decl":{"start":{"line":18,"column":22},"end":{"line":18,"column":33}},"loc":{"start":{"line":18,"column":33},"end":{"line":19,"column":null}},"line":18},"3":{"name":"(anonymous_3)","decl":{"start":{"line":20,"column":12},"end":{"line":20,"column":null}},"loc":{"start":{"line":23,"column":11},"end":{"line":24,"column":null}},"line":23},"4":{"name":"(anonymous_4)","decl":{"start":{"line":29,"column":23},"end":{"line":29,"column":null}},"loc":{"start":{"line":29,"column":23},"end":{"line":30,"column":null}},"line":29},"5":{"name":"(anonymous_5)","decl":{"start":{"line":35,"column":24},"end":{"line":35,"column":null}},"loc":{"start":{"line":35,"column":24},"end":{"line":38,"column":null}},"line":35},"6":{"name":"(anonymous_6)","decl":{"start":{"line":47,"column":18},"end":{"line":47,"column":29}},"loc":{"start":{"line":47,"column":29},"end":{"line":47,"column":57}},"line":47}},"branchMap":{"0":{"loc":{"start":{"line":9,"column":28},"end":{"line":9,"column":null}},"type":"cond-expr","locations":[{"start":{"line":9,"column":28},"end":{"line":9,"column":null}},{"start":{"line":9,"column":28},"end":{"line":9,"column":null}}],"line":9},"1":{"loc":{"start":{"line":11,"column":41},"end":{"line":26,"column":22}},"type":"if","locations":[{"start":{"line":11,"column":41},"end":{"line":26,"column":22}},{"start":{"line":26,"column":21},"end":{"line":26,"column":22}}],"line":11},"2":{"loc":{"start":{"line":11,"column":41},"end":{"line":11,"column":null}},"type":"binary-expr","locations":[{"start":{"line":11,"column":41},"end":{"line":11,"column":null}},{"start":{"line":11,"column":41},"end":{"line":11,"column":null}}],"line":11},"3":{"loc":{"start":{"line":26,"column":22},"end":{"line":32,"column":4}},"type":"if","locations":[{"start":{"line":26,"column":22},"end":{"line":32,"column":4}},{"start":{"line":32,"column":3},"end":{"line":32,"column":4}}],"line":26},"4":{"loc":{"start":{"line":26,"column":22},"end":{"line":26,"column":null}},"type":"binary-expr","locations":[{"start":{"line":26,"column":22},"end":{"line":26,"column":null}},{"start":{"line":26,"column":22},"end":{"line":26,"column":null}}],"line":26},"5":{"loc":{"start":{"line":32,"column":4},"end":{"line":39,"column":4}},"type":"if","locations":[{"start":{"line":32,"column":4},"end":{"line":39,"column":4}},{"start":{"line":39,"column":3},"end":{"line":39,"column":4}}],"line":32},"6":{"loc":{"start":{"line":36,"column":4},"end":{"line":37,"column":null}},"type":"if","locations":[{"start":{"line":36,"column":4},"end":{"line":37,"column":null}},{"start":{},"end":{}}],"line":36},"7":{"loc":{"start":{"line":39,"column":4},"end":{"line":47,"column":null}},"type":"if","locations":[{"start":{"line":39,"column":4},"end":{"line":47,"column":null}},{"start":{"line":47,"column":57},"end":{"line":47,"column":null}}],"line":39},"8":{"loc":{"start":{"line":47,"column":57},"end":{"line":49,"column":null}},"type":"if","locations":[{"start":{"line":47,"column":57},"end":{"line":49,"column":null}},{"start":{"line":49,"column":8},"end":{"line":49,"column":null}}],"line":47},"9":{"loc":{"start":{"line":47,"column":57},"end":{"line":47,"column":null}},"type":"binary-expr","locations":[{"start":{"line":47,"column":57},"end":{"line":47,"column":null}},{"start":{"line":47,"column":57},"end":{"line":47,"column":null}},{"start":{"line":47,"column":57},"end":{"line":47,"column":null}}],"line":47},"10":{"loc":{"start":{"line":49,"column":8},"end":{"line":50,"column":null}},"type":"if","locations":[{"start":{"line":49,"column":8},"end":{"line":50,"column":null}},{"start":{"line":50,"column":52},"end":{"line":50,"column":null}}],"line":49},"11":{"loc":{"start":{"line":50,"column":52},"end":{"line":51,"column":null}},"type":"if","locations":[{"start":{"line":50,"column":52},"end":{"line":51,"column":null}},{"start":{"line":51,"column":14},"end":{"line":51,"column":null}}],"line":50},"12":{"loc":{"start":{"line":50,"column":52},"end":{"line":50,"column":null}},"type":"binary-expr","locations":[{"start":{"line":50,"column":52},"end":{"line":50,"column":null}},{"start":{"line":50,"column":52},"end":{"line":50,"column":null}}],"line":50}},"s":{"0":2,"1":14,"2":14,"3":14,"4":14,"5":14,"6":14,"7":14,"8":2,"9":14,"10":14,"11":14,"12":0,"13":14,"14":14,"15":14,"16":2,"17":0,"18":14,"19":14,"20":14,"21":1,"22":1,"23":0,"24":14,"25":14,"26":7,"27":7,"28":7,"29":14,"30":14,"31":0,"32":14,"33":14,"34":0,"35":14,"36":14,"37":0,"38":14},"f":{"0":14,"1":14,"2":2,"3":14,"4":2,"5":1,"6":7},"b":{"0":[12,2],"1":[14,0],"2":[14,7],"3":[14,0],"4":[14,7],"5":[14,0],"6":[1,0],"7":[7,7],"8":[14,0],"9":[14,0,0],"10":[14,0],"11":[14,0],"12":[14,0]},"meta":{"lastBranch":13,"lastFunction":7,"lastStatement":39,"seen":{"s:9:13:51:Infinity":0,"f:9:13:9:25":0,"s:9:25:9:26":1,"s:9:26:9:28":2,"s:9:28:9:Infinity":3,"b:9:28:9:Infinity:9:28:9:Infinity":0,"s:11:28:11:41":4,"b:11:41:26:22:26:21:26:22":1,"s:11:41:26:22":5,"b:11:41:11:Infinity:11:41:11:Infinity":2,"s:17:12:25:Infinity":6,"f:17:12:17:Infinity":1,"s:18:22:20:12":7,"f:18:22:18:33":2,"s:19:6:19:20":8,"s:20:12:24:Infinity":9,"f:20:12:20:Infinity":3,"s:24:6:24:29":10,"s:26:5:26:21":11,"s:26:21:26:22":12,"s:17:2:26:22":13,"b:26:22:32:4:32:3:32:4":3,"s:26:22:32:4":14,"b:26:22:26:Infinity:26:22:26:Infinity":4,"s:29:23:30:Infinity":15,"f:29:23:29:Infinity":4,"s:30:4:30:18":16,"s:32:3:32:4":17,"s:29:23:29:Infinity":18,"b:32:4:39:4:39:3:39:4":5,"s:32:4:39:4":19,"s:35:24:38:Infinity":20,"f:35:24:35:Infinity":5,"b:36:4:37:Infinity:undefined:undefined:undefined:undefined":6,"s:36:4:37:Infinity":21,"s:37:6:37:20":22,"s:39:3:39:4":23,"s:35:24:35:Infinity":24,"b:39:4:47:Infinity:47:57:47:Infinity":7,"s:39:4:47:Infinity":25,"s:47:18:47:57":26,"f:47:18:47:29":6,"s:47:29:47:57":27,"s:47:57:47:Infinity":28,"b:47:57:49:Infinity:49:8:49:Infinity":8,"s:47:57:49:Infinity":29,"b:47:57:47:Infinity:47:57:47:Infinity:47:57:47:Infinity":9,"s:43:6:48:Infinity":30,"s:49:8:49:Infinity":31,"b:49:8:50:Infinity:50:52:50:Infinity":10,"s:49:8:50:Infinity":32,"s:50:6:50:Infinity":33,"s:50:52:50:Infinity":34,"b:50:52:51:Infinity:51:14:51:Infinity":11,"s:50:52:51:Infinity":35,"b:50:52:50:Infinity:50:52:50:Infinity":12,"s:42:4:51:Infinity":36,"s:51:14:51:Infinity":37,"s:51:14:42:23":38},"fnNames":{}}}
,"C:\\Users\\jose\\Documents\\proyectos react\\gifs-app\\src\\counter\\components\\MyCounterApp.tsx": {"path":"C:\\Users\\jose\\Documents\\proyectos react\\gifs-app\\src\\counter\\components\\MyCounterApp.tsx","statementMap":{"0":{"start":{"line":3,"column":13},"end":{"line":27,"column":null}},"1":{"start":{"line":3,"column":28},"end":{"line":3,"column":null}},"2":{"start":{"line":5,"column":62},"end":{"line":5,"column":76}},"3":{"start":{"line":5,"column":76},"end":{"line":13,"column":null}},"4":{"start":{"line":9,"column":13},"end":{"line":13,"column":7}},"5":{"start":{"line":13,"column":7},"end":{"line":13,"column":null}},"6":{"start":{"line":13,"column":7},"end":{"line":15,"column":null}},"7":{"start":{"line":15,"column":6},"end":{"line":15,"column":null}},"8":{"start":{"line":15,"column":34},"end":{"line":15,"column":null}},"9":{"start":{"line":15,"column":34},"end":{"line":21,"column":null}},"10":{"start":{"line":18,"column":15},"end":{"line":21,"column":9}},"11":{"start":{"line":21,"column":9},"end":{"line":21,"column":null}},"12":{"start":{"line":21,"column":9},"end":{"line":23,"column":null}},"13":{"start":{"line":23,"column":8},"end":{"line":23,"column":null}},"14":{"start":{"line":23,"column":47},"end":{"line":23,"column":null}},"15":{"start":{"line":23,"column":47},"end":{"line":24,"column":null}},"16":{"start":{"line":24,"column":8},"end":{"line":24,"column":null}},"17":{"start":{"line":24,"column":52},"end":{"line":24,"column":null}},"18":{"start":{"line":24,"column":52},"end":{"line":25,"column":null}},"19":{"start":{"line":25,"column":8},"end":{"line":25,"column":null}},"20":{"start":{"line":25,"column":52},"end":{"line":25,"column":null}},"21":{"start":{"line":25,"column":52},"end":{"line":26,"column":null}},"22":{"start":{"line":17,"column":6},"end":{"line":26,"column":null}},"23":{"start":{"line":26,"column":12},"end":{"line":26,"column":null}},"24":{"start":{"line":26,"column":12},"end":{"line":27,"column":null}},"25":{"start":{"line":8,"column":4},"end":{"line":27,"column":null}},"26":{"start":{"line":27,"column":10},"end":{"line":27,"column":null}},"27":{"start":{"line":27,"column":10},"end":{"line":8,"column":null}}},"fnMap":{"0":{"name":"(anonymous_0)","decl":{"start":{"line":3,"column":13},"end":{"line":3,"column":28}},"loc":{"start":{"line":3,"column":28},"end":{"line":27,"column":null}},"line":3}},"branchMap":{"0":{"loc":{"start":{"line":5,"column":76},"end":{"line":13,"column":null}},"type":"if","locations":[{"start":{"line":5,"column":76},"end":{"line":13,"column":null}},{"start":{"line":13,"column":7},"end":{"line":13,"column":null}}],"line":5},"1":{"loc":{"start":{"line":13,"column":7},"end":{"line":15,"column":null}},"type":"if","locations":[{"start":{"line":13,"column":7},"end":{"line":15,"column":null}},{"start":{"line":15,"column":34},"end":{"line":15,"column":null}}],"line":13},"2":{"loc":{"start":{"line":15,"column":34},"end":{"line":21,"column":null}},"type":"if","locations":[{"start":{"line":15,"column":34},"end":{"line":21,"column":null}},{"start":{"line":21,"column":9},"end":{"line":21,"column":null}}],"line":15},"3":{"loc":{"start":{"line":21,"column":9},"end":{"line":23,"column":null}},"type":"if","locations":[{"start":{"line":21,"column":9},"end":{"line":23,"column":null}},{"start":{"line":23,"column":47},"end":{"line":23,"column":null}}],"line":21},"4":{"loc":{"start":{"line":23,"column":47},"end":{"line":24,"column":null}},"type":"if","locations":[{"start":{"line":23,"column":47},"end":{"line":24,"column":null}},{"start":{"line":24,"column":52},"end":{"line":24,"column":null}}],"line":23},"5":{"loc":{"start":{"line":24,"column":52},"end":{"line":25,"column":null}},"type":"if","locations":[{"start":{"line":24,"column":52},"end":{"line":25,"column":null}},{"start":{"line":25,"column":52},"end":{"line":25,"column":null}}],"line":24},"6":{"loc":{"start":{"line":25,"column":52},"end":{"line":26,"column":null}},"type":"if","locations":[{"start":{"line":25,"column":52},"end":{"line":26,"column":null}},{"start":{"line":26,"column":12},"end":{"line":26,"column":null}}],"line":25},"7":{"loc":{"start":{"line":25,"column":52},"end":{"line":25,"column":null}},"type":"binary-expr","locations":[{"start":{"line":25,"column":52},"end":{"line":25,"column":null}},{"start":{"line":25,"column":52},"end":{"line":25,"column":null}},{"start":{"line":25,"column":52},"end":{"line":25,"column":null}}],"line":25},"8":{"loc":{"start":{"line":26,"column":12},"end":{"line":27,"column":null}},"type":"if","locations":[{"start":{"line":26,"column":12},"end":{"line":27,"column":null}},{"start":{"line":27,"column":10},"end":{"line":27,"column":null}}],"line":26},"9":{"loc":{"start":{"line":26,"column":12},"end":{"line":26,"column":null}},"type":"binary-expr","locations":[{"start":{"line":26,"column":12},"end":{"line":26,"column":null}},{"start":{"line":26,"column":12},"end":{"line":26,"column":null}}],"line":26}},"s":{"0":2,"1":7,"2":7,"3":7,"4":5,"5":2,"6":7,"7":7,"8":0,"9":7,"10":5,"11":2,"12":7,"13":5,"14":2,"15":7,"16":5,"17":2,"18":7,"19":5,"20":2,"21":7,"22":5,"23":2,"24":7,"25":7,"26":0,"27":7},"f":{"0":7},"b":{"0":[5,2],"1":[7,0],"2":[5,2],"3":[5,2],"4":[5,2],"5":[5,2],"6":[5,2],"7":[7,2,2],"8":[7,0],"9":[7,0]},"meta":{"lastBranch":10,"lastFunction":1,"lastStatement":28,"seen":{"s:3:13:27:Infinity":0,"f:3:13:3:28":0,"s:3:28:3:Infinity":1,"s:5:62:5:76":2,"b:5:76:13:Infinity:13:7:13:Infinity":0,"s:5:76:13:Infinity":3,"s:9:13:13:7":4,"s:13:7:13:Infinity":5,"b:13:7:15:Infinity:15:34:15:Infinity":1,"s:13:7:15:Infinity":6,"s:15:6:15:Infinity":7,"s:15:34:15:Infinity":8,"b:15:34:21:Infinity:21:9:21:Infinity":2,"s:15:34:21:Infinity":9,"s:18:15:21:9":10,"s:21:9:21:Infinity":11,"b:21:9:23:Infinity:23:47:23:Infinity":3,"s:21:9:23:Infinity":12,"s:23:8:23:Infinity":13,"s:23:47:23:Infinity":14,"b:23:47:24:Infinity:24:52:24:Infinity":4,"s:23:47:24:Infinity":15,"s:24:8:24:Infinity":16,"s:24:52:24:Infinity":17,"b:24:52:25:Infinity:25:52:25:Infinity":5,"s:24:52:25:Infinity":18,"s:25:8:25:Infinity":19,"s:25:52:25:Infinity":20,"b:25:52:26:Infinity:26:12:26:Infinity":6,"s:25:52:26:Infinity":21,"b:25:52:25:Infinity:25:52:25:Infinity:25:52:25:Infinity":7,"s:17:6:26:Infinity":22,"s:26:12:26:Infinity":23,"b:26:12:27:Infinity:27:10:27:Infinity":8,"s:26:12:27:Infinity":24,"b:26:12:26:Infinity:26:12:26:Infinity":9,"s:8:4:27:Infinity":25,"s:27:10:27:Infinity":26,"s:27:10:8:Infinity":27},"fnNames":{}}}
,"C:\\Users\\jose\\Documents\\proyectos react\\gifs-app\\src\\counter\\hooks\\useCounter.tsx": {"path":"C:\\Users\\jose\\Documents\\proyectos react\\gifs-app\\src\\counter\\hooks\\useCounter.tsx","statementMap":{"0":{"start":{"line":4,"column":13},"end":{"line":28,"column":null}},"1":{"start":{"line":4,"column":26},"end":{"line":4,"column":27}},"2":{"start":{"line":4,"column":27},"end":{"line":4,"column":null}},"3":{"start":{"line":5,"column":32},"end":{"line":5,"column":55}},"4":{"start":{"line":5,"column":55},"end":{"line":9,"column":4}},"5":{"start":{"line":7,"column":20},"end":{"line":8,"column":null}},"6":{"start":{"line":8,"column":4},"end":{"line":8,"column":34}},"7":{"start":{"line":9,"column":3},"end":{"line":9,"column":4}},"8":{"start":{"line":7,"column":20},"end":{"line":7,"column":null}},"9":{"start":{"line":9,"column":4},"end":{"line":13,"column":4}},"10":{"start":{"line":11,"column":25},"end":{"line":12,"column":null}},"11":{"start":{"line":12,"column":4},"end":{"line":12,"column":44}},"12":{"start":{"line":13,"column":3},"end":{"line":13,"column":4}},"13":{"start":{"line":11,"column":25},"end":{"line":11,"column":null}},"14":{"start":{"line":13,"column":4},"end":{"line":17,"column":4}},"15":{"start":{"line":15,"column":22},"end":{"line":16,"column":null}},"16":{"start":{"line":16,"column":4},"end":{"line":16,"column":28}},"17":{"start":{"line":17,"column":3},"end":{"line":17,"column":4}},"18":{"start":{"line":15,"column":22},"end":{"line":15,"column":null}},"19":{"start":{"line":17,"column":4},"end":{"line":28,"column":null}},"20":{"start":{"line":20,"column":9},"end":{"line":28,"column":3}},"21":{"start":{"line":28,"column":3},"end":{"line":28,"column":null}},"22":{"start":{"line":28,"column":3},"end":{"line":20,"column":null}},"23":{"start":{"line":4,"column":26},"end":{"line":8,"column":33}},"24":{"start":{"line":4,"column":26},"end":{"line":12,"column":43}}},"fnMap":{"0":{"name":"(anonymous_0)","decl":{"start":{"line":4,"column":13},"end":{"line":4,"column":26}},"loc":{"start":{"line":4,"column":26},"end":{"line":28,"column":null}},"line":4},"1":{"name":"(anonymous_1)","decl":{"start":{"line":7,"column":20},"end":{"line":7,"column":null}},"loc":{"start":{"line":7,"column":20},"end":{"line":8,"column":null}},"line":7},"2":{"name":"(anonymous_2)","decl":{"start":{"line":11,"column":25},"end":{"line":11,"column":null}},"loc":{"start":{"line":11,"column":25},"end":{"line":12,"column":null}},"line":11},"3":{"name":"(anonymous_3)","decl":{"start":{"line":15,"column":22},"end":{"line":15,"column":null}},"loc":{"start":{"line":15,"column":22},"end":{"line":16,"column":null}},"line":15},"4":{"name":"_temp","decl":{"start":{"line":4,"column":26},"end":{"line":4,"column":27}},"loc":{"start":{"line":4,"column":26},"end":{"line":8,"column":34}},"line":4}},"branchMap":{"0":{"loc":{"start":{"line":4,"column":27},"end":{"line":4,"column":null}},"type":"cond-expr","locations":[{"start":{"line":4,"column":27},"end":{"line":4,"column":null}},{"start":{"line":4,"column":27},"end":{"line":4,"column":null}}],"line":4},"1":{"loc":{"start":{"line":5,"column":55},"end":{"line":9,"column":4}},"type":"if","locations":[{"start":{"line":5,"column":55},"end":{"line":9,"column":4}},{"start":{"line":9,"column":3},"end":{"line":9,"column":4}}],"line":5},"2":{"loc":{"start":{"line":9,"column":4},"end":{"line":13,"column":4}},"type":"if","locations":[{"start":{"line":9,"column":4},"end":{"line":13,"column":4}},{"start":{"line":13,"column":3},"end":{"line":13,"column":4}}],"line":9},"3":{"loc":{"start":{"line":13,"column":4},"end":{"line":17,"column":4}},"type":"if","locations":[{"start":{"line":13,"column":4},"end":{"line":17,"column":4}},{"start":{"line":17,"column":3},"end":{"line":17,"column":4}}],"line":13},"4":{"loc":{"start":{"line":17,"column":4},"end":{"line":28,"column":null}},"type":"if","locations":[{"start":{"line":17,"column":4},"end":{"line":28,"column":null}},{"start":{"line":28,"column":3},"end":{"line":28,"column":null}}],"line":17},"5":{"loc":{"start":{"line":17,"column":4},"end":{"line":17,"column":null}},"type":"binary-expr","locations":[{"start":{"line":17,"column":4},"end":{"line":17,"column":null}},{"start":{"line":17,"column":4},"end":{"line":17,"column":null}}],"line":17}},"s":{"0":2,"1":14,"2":14,"3":14,"4":14,"5":8,"6":7,"7":6,"8":14,"9":14,"10":8,"11":2,"12":6,"13":14,"14":14,"15":8,"16":1,"17":6,"18":14,"19":14,"20":14,"21":0,"22":14,"23":7,"24":2},"f":{"0":14,"1":7,"2":2,"3":1,"4":9},"b":{"0":[8,6],"1":[8,6],"2":[8,6],"3":[8,6],"4":[14,0],"5":[14,0]},"meta":{"lastBranch":6,"lastFunction":5,"lastStatement":25,"seen":{"s:4:13:28:Infinity":0,"f:4:13:4:26":0,"s:4:26:4:27":1,"s:4:27:4:Infinity":2,"b:4:27:4:Infinity:4:27:4:Infinity":0,"s:5:32:5:55":3,"b:5:55:9:4:9:3:9:4":1,"s:5:55:9:4":4,"s:7:20:8:Infinity":5,"f:7:20:7:Infinity":1,"s:8:4:8:34":6,"s:9:3:9:4":7,"s:7:20:7:Infinity":8,"b:9:4:13:4:13:3:13:4":2,"s:9:4:13:4":9,"s:11:25:12:Infinity":10,"f:11:25:11:Infinity":2,"s:12:4:12:44":11,"s:13:3:13:4":12,"s:11:25:11:Infinity":13,"b:13:4:17:4:17:3:17:4":3,"s:13:4:17:4":14,"s:15:22:16:Infinity":15,"f:15:22:15:Infinity":3,"s:16:4:16:28":16,"s:17:3:17:4":17,"s:15:22:15:Infinity":18,"b:17:4:28:Infinity:28:3:28:Infinity":4,"s:17:4:28:Infinity":19,"b:17:4:17:Infinity:17:4:17:Infinity":5,"s:20:9:28:3":20,"s:28:3:28:Infinity":21,"s:28:3:20:Infinity":22,"f:4:26:4:27":4,"s:4:26:8:33":23,"s:4:26:12:43":24},"fnNames":{}}}
,"C:\\Users\\jose\\Documents\\proyectos react\\gifs-app\\src\\gifs\\actions\\get-gifs-by-query.ts": {"path":"C:\\Users\\jose\\Documents\\proyectos react\\gifs-app\\src\\gifs\\actions\\get-gifs-by-query.ts","statementMap":{"0":{"start":{"line":6,"column":30},"end":{"line":32,"column":null}},"1":{"start":{"line":7,"column":2},"end":{"line":9,"column":null}},"2":{"start":{"line":8,"column":4},"end":{"line":8,"column":null}},"3":{"start":{"line":11,"column":2},"end":{"line":31,"column":null}},"4":{"start":{"line":13,"column":21},"end":{"line":18,"column":null}},"5":{"start":{"line":21,"column":4},"end":{"line":27,"column":null}},"6":{"start":{"line":21,"column":44},"end":{"line":27,"column":6}},"7":{"start":{"line":29,"column":4},"end":{"line":29,"column":null}},"8":{"start":{"line":30,"column":4},"end":{"line":30,"column":null}}},"fnMap":{"0":{"name":"(anonymous_0)","decl":{"start":{"line":6,"column":30},"end":{"line":6,"column":37}},"loc":{"start":{"line":6,"column":71},"end":{"line":32,"column":null}},"line":6},"1":{"name":"(anonymous_1)","decl":{"start":{"line":21,"column":30},"end":{"line":21,"column":35}},"loc":{"start":{"line":21,"column":44},"end":{"line":27,"column":6}},"line":21}},"branchMap":{"0":{"loc":{"start":{"line":7,"column":2},"end":{"line":9,"column":null}},"type":"if","locations":[{"start":{"line":7,"column":2},"end":{"line":9,"column":null}},{"start":{},"end":{}}],"line":7}},"s":{"0":3,"1":6,"2":1,"3":5,"4":5,"5":4,"6":40,"7":1,"8":1},"f":{"0":6,"1":40},"b":{"0":[1,5]},"meta":{"lastBranch":1,"lastFunction":2,"lastStatement":9,"seen":{"s:6:30:32:Infinity":0,"f:6:30:6:37":0,"b:7:2:9:Infinity:undefined:undefined:undefined:undefined":0,"s:7:2:9:Infinity":1,"s:8:4:8:Infinity":2,"s:11:2:31:Infinity":3,"s:13:21:18:Infinity":4,"s:21:4:27:Infinity":5,"f:21:30:21:35":1,"s:21:44:27:6":6,"s:29:4:29:Infinity":7,"s:30:4:30:Infinity":8},"fnNames":{}}}
,"C:\\Users\\jose\\Documents\\proyectos react\\gifs-app\\src\\gifs\\api\\giphy-api.ts": {"path":"C:\\Users\\jose\\Documents\\proyectos react\\gifs-app\\src\\gifs\\api\\giphy-api.ts","statementMap":{"0":{"start":{"line":4,"column":24},"end":{"line":10,"column":null}}},"fnMap":{},"branchMap":{},"s":{"0":4},"f":{},"b":{},"meta":{"lastBranch":0,"lastFunction":0,"lastStatement":1,"seen":{"s:4:24:10:Infinity":0},"fnNames":{}}}
,"C:\\Users\\jose\\Documents\\proyectos react\\gifs-app\\src\\gifs\\components\\GifsList.tsx": {"path":"C:\\Users\\jose\\Documents\\proyectos react\\gifs-app\\src\\gifs\\components\\GifsList.tsx","statementMap":{"0":{"start":{"line":7,"column":13},"end":{"line":19,"column":null}},"1":{"start":{"line":7,"column":24},"end":{"line":7,"column":25}},"2":{"start":{"line":7,"column":25},"end":{"line":7,"column":40}},"3":{"start":{"line":7,"column":40},"end":{"line":18,"column":null}},"4":{"start":{"line":10,"column":7},"end":{"line":18,"column":8}},"5":{"start":{"line":18,"column":8},"end":{"line":18,"column":null}},"6":{"start":{"line":18,"column":8},"end":{"line":19,"column":null}},"7":{"start":{"line":9,"column":4},"end":{"line":19,"column":null}},"8":{"start":{"line":19,"column":14},"end":{"line":19,"column":null}},"9":{"start":{"line":19,"column":14},"end":{"line":9,"column":23}},"10":{"start":{"line":7,"column":24},"end":{"line":17,"column":null}}},"fnMap":{"0":{"name":"(anonymous_0)","decl":{"start":{"line":7,"column":13},"end":{"line":7,"column":24}},"loc":{"start":{"line":7,"column":24},"end":{"line":19,"column":null}},"line":7},"1":{"name":"_temp","decl":{"start":{"line":7,"column":24},"end":{"line":7,"column":25}},"loc":{"start":{"line":7,"column":24},"end":{"line":17,"column":null}},"line":7}},"branchMap":{"0":{"loc":{"start":{"line":7,"column":40},"end":{"line":18,"column":null}},"type":"if","locations":[{"start":{"line":7,"column":40},"end":{"line":18,"column":null}},{"start":{"line":18,"column":8},"end":{"line":18,"column":null}}],"line":7},"1":{"loc":{"start":{"line":18,"column":8},"end":{"line":19,"column":null}},"type":"if","locations":[{"start":{"line":18,"column":8},"end":{"line":19,"column":null}},{"start":{"line":19,"column":14},"end":{"line":19,"column":null}}],"line":18}},"s":{"0":1,"1":1,"2":1,"3":1,"4":1,"5":0,"6":1,"7":1,"8":0,"9":1,"10":0},"f":{"0":1,"1":0},"b":{"0":[1,0],"1":[1,0]},"meta":{"lastBranch":2,"lastFunction":2,"lastStatement":11,"seen":{"s:7:13:19:Infinity":0,"f:7:13:7:24":0,"s:7:24:7:25":1,"s:7:25:7:40":2,"b:7:40:18:Infinity:18:8:18:Infinity":0,"s:7:40:18:Infinity":3,"s:10:7:18:8":4,"s:18:8:18:Infinity":5,"b:18:8:19:Infinity:19:14:19:Infinity":1,"s:18:8:19:Infinity":6,"s:9:4:19:Infinity":7,"s:19:14:19:Infinity":8,"s:19:14:9:23":9,"f:7:24:7:25":1,"s:7:24:17:Infinity":10},"fnNames":{}}}
,"C:\\Users\\jose\\Documents\\proyectos react\\gifs-app\\src\\gifs\\components\\PreviousSearches.tsx": {"path":"C:\\Users\\jose\\Documents\\proyectos react\\gifs-app\\src\\gifs\\components\\PreviousSearches.tsx","statementMap":{"0":{"start":{"line":7,"column":13},"end":{"line":18,"column":null}},"1":{"start":{"line":7,"column":32},"end":{"line":7,"column":33}},"2":{"start":{"line":7,"column":33},"end":{"line":7,"column":68}},"3":{"start":{"line":7,"column":68},"end":{"line":10,"column":null}},"4":{"start":{"line":10,"column":6},"end":{"line":10,"column":null}},"5":{"start":{"line":10,"column":32},"end":{"line":10,"column":null}},"6":{"start":{"line":10,"column":32},"end":{"line":16,"column":null}},"7":{"start":{"line":10,"column":32},"end":{"line":16,"column":10}},"8":{"start":{"line":12,"column":22},"end":{"line":15,"column":null}},"9":{"start":{"line":13,"column":10},"end":{"line":15,"column":null}},"10":{"start":{"line":13,"column":42},"end":{"line":13,"column":null}},"11":{"start":{"line":16,"column":9},"end":{"line":16,"column":10}},"12":{"start":{"line":12,"column":9},"end":{"line":16,"column":10}},"13":{"start":{"line":16,"column":10},"end":{"line":16,"column":null}},"14":{"start":{"line":16,"column":10},"end":{"line":18,"column":null}},"15":{"start":{"line":9,"column":4},"end":{"line":18,"column":null}},"16":{"start":{"line":18,"column":14},"end":{"line":18,"column":null}},"17":{"start":{"line":18,"column":14},"end":{"line":9,"column":23}}},"fnMap":{"0":{"name":"(anonymous_0)","decl":{"start":{"line":7,"column":13},"end":{"line":7,"column":32}},"loc":{"start":{"line":7,"column":32},"end":{"line":18,"column":null}},"line":7},"1":{"name":"(anonymous_1)","decl":{"start":{"line":12,"column":22},"end":{"line":12,"column":null}},"loc":{"start":{"line":13,"column":10},"end":{"line":15,"column":null}},"line":13},"2":{"name":"(anonymous_2)","decl":{"start":{"line":13,"column":36},"end":{"line":13,"column":42}},"loc":{"start":{"line":13,"column":42},"end":{"line":13,"column":null}},"line":13}},"branchMap":{"0":{"loc":{"start":{"line":7,"column":68},"end":{"line":10,"column":null}},"type":"if","locations":[{"start":{"line":7,"column":68},"end":{"line":10,"column":null}},{"start":{"line":10,"column":32},"end":{"line":10,"column":null}}],"line":7},"1":{"loc":{"start":{"line":10,"column":32},"end":{"line":16,"column":null}},"type":"if","locations":[{"start":{"line":10,"column":32},"end":{"line":16,"column":null}},{"start":{"line":16,"column":10},"end":{"line":16,"column":null}}],"line":10},"2":{"loc":{"start":{"line":10,"column":32},"end":{"line":10,"column":null}},"type":"binary-expr","locations":[{"start":{"line":10,"column":32},"end":{"line":10,"column":null}},{"start":{"line":10,"column":32},"end":{"line":10,"column":null}}],"line":10},"3":{"loc":{"start":{"line":10,"column":32},"end":{"line":16,"column":10}},"type":"if","locations":[{"start":{"line":10,"column":32},"end":{"line":16,"column":10}},{"start":{"line":16,"column":9},"end":{"line":16,"column":10}}],"line":10},"4":{"loc":{"start":{"line":16,"column":10},"end":{"line":18,"column":null}},"type":"if","locations":[{"start":{"line":16,"column":10},"end":{"line":18,"column":null}},{"start":{"line":18,"column":14},"end":{"line":18,"column":null}}],"line":16}},"s":{"0":1,"1":1,"2":1,"3":1,"4":1,"5":0,"6":1,"7":1,"8":1,"9":0,"10":0,"11":0,"12":1,"13":0,"14":1,"15":1,"16":0,"17":1},"f":{"0":1,"1":0,"2":0},"b":{"0":[1,0],"1":[1,0],"2":[1,0],"3":[1,0],"4":[1,0]},"meta":{"lastBranch":5,"lastFunction":3,"lastStatement":18,"seen":{"s:7:13:18:Infinity":0,"f:7:13:7:32":0,"s:7:32:7:33":1,"s:7:33:7:68":2,"b:7:68:10:Infinity:10:32:10:Infinity":0,"s:7:68:10:Infinity":3,"s:10:6:10:Infinity":4,"s:10:32:10:Infinity":5,"b:10:32:16:Infinity:16:10:16:Infinity":1,"s:10:32:16:Infinity":6,"b:10:32:10:Infinity:10:32:10:Infinity":2,"b:10:32:16:10:16:9:16:10":3,"s:10:32:16:10":7,"s:12:22:15:Infinity":8,"f:12:22:12:Infinity":1,"s:13:10:15:Infinity":9,"f:13:36:13:42":2,"s:13:42:13:Infinity":10,"s:16:9:16:10":11,"s:12:9:16:10":12,"s:16:10:16:Infinity":13,"b:16:10:18:Infinity:18:14:18:Infinity":4,"s:16:10:18:Infinity":14,"s:9:4:18:Infinity":15,"s:18:14:18:Infinity":16,"s:18:14:9:23":17},"fnNames":{}}}
,"C:\\Users\\jose\\Documents\\proyectos react\\gifs-app\\src\\gifs\\hooks\\useGifs.tsx": {"path":"C:\\Users\\jose\\Documents\\proyectos react\\gifs-app\\src\\gifs\\hooks\\useGifs.tsx","statementMap":{"0":{"start":{"line":6,"column":13},"end":{"line":60,"column":null}},"1":{"start":{"line":6,"column":23},"end":{"line":6,"column":null}},"2":{"start":{"line":6,"column":23},"end":{"line":8,"column":46}},"3":{"start":{"line":8,"column":42},"end":{"line":8,"column":44}},"4":{"start":{"line":8,"column":44},"end":{"line":8,"column":46}},"5":{"start":{"line":8,"column":26},"end":{"line":8,"column":46}},"6":{"start":{"line":8,"column":46},"end":{"line":9,"column":67}},"7":{"start":{"line":9,"column":63},"end":{"line":9,"column":65}},"8":{"start":{"line":9,"column":65},"end":{"line":9,"column":67}},"9":{"start":{"line":9,"column":44},"end":{"line":9,"column":67}},"10":{"start":{"line":9,"column":67},"end":{"line":13,"column":54}},"11":{"start":{"line":13,"column":50},"end":{"line":13,"column":52}},"12":{"start":{"line":13,"column":52},"end":{"line":13,"column":54}},"13":{"start":{"line":13,"column":20},"end":{"line":13,"column":54}},"14":{"start":{"line":13,"column":54},"end":{"line":28,"column":4}},"15":{"start":{"line":15,"column":32},"end":{"line":27,"column":30}},"16":{"start":{"line":16,"column":4},"end":{"line":18,"column":null}},"17":{"start":{"line":18,"column":6},"end":{"line":18,"column":38}},"18":{"start":{"line":18,"column":38},"end":{"line":18,"column":null}},"19":{"start":{"line":22,"column":17},"end":{"line":22,"column":null}},"20":{"start":{"line":24,"column":4},"end":{"line":24,"column":null}},"21":{"start":{"line":27,"column":4},"end":{"line":27,"column":null}},"22":{"start":{"line":28,"column":3},"end":{"line":28,"column":4}},"23":{"start":{"line":15,"column":32},"end":{"line":15,"column":null}},"24":{"start":{"line":28,"column":4},"end":{"line":50,"column":4}},"25":{"start":{"line":31,"column":23},"end":{"line":49,"column":31}},"26":{"start":{"line":32,"column":4},"end":{"line":32,"column":null}},"27":{"start":{"line":34,"column":4},"end":{"line":34,"column":null}},"28":{"start":{"line":34,"column":20},"end":{"line":34,"column":null}},"29":{"start":{"line":37,"column":4},"end":{"line":37,"column":null}},"30":{"start":{"line":37,"column":37},"end":{"line":37,"column":null}},"31":{"start":{"line":40,"column":4},"end":{"line":40,"column":null}},"32":{"start":{"line":43,"column":17},"end":{"line":43,"column":null}},"33":{"start":{"line":46,"column":4},"end":{"line":46,"column":null}},"34":{"start":{"line":49,"column":4},"end":{"line":49,"column":null}},"35":{"start":{"line":50,"column":3},"end":{"line":50,"column":4}},"36":{"start":{"line":31,"column":23},"end":{"line":31,"column":null}},"37":{"start":{"line":50,"column":4},"end":{"line":60,"column":null}},"38":{"start":{"line":52,"column":9},"end":{"line":60,"column":3}},"39":{"start":{"line":60,"column":3},"end":{"line":60,"column":null}},"40":{"start":{"line":60,"column":3},"end":{"line":52,"column":null}}},"fnMap":{"0":{"name":"(anonymous_0)","decl":{"start":{"line":6,"column":13},"end":{"line":6,"column":23}},"loc":{"start":{"line":6,"column":23},"end":{"line":60,"column":null}},"line":6},"1":{"name":"(anonymous_1)","decl":{"start":{"line":15,"column":32},"end":{"line":15,"column":null}},"loc":{"start":{"line":15,"column":32},"end":{"line":27,"column":30}},"line":15},"2":{"name":"(anonymous_2)","decl":{"start":{"line":31,"column":23},"end":{"line":31,"column":null}},"loc":{"start":{"line":31,"column":23},"end":{"line":49,"column":31}},"line":31}},"branchMap":{"0":{"loc":{"start":{"line":6,"column":23},"end":{"line":8,"column":46}},"type":"if","locations":[{"start":{"line":6,"column":23},"end":{"line":8,"column":46}},{"start":{"line":8,"column":44},"end":{"line":8,"column":46}}],"line":6},"1":{"loc":{"start":{"line":8,"column":46},"end":{"line":9,"column":67}},"type":"if","locations":[{"start":{"line":8,"column":46},"end":{"line":9,"column":67}},{"start":{"line":9,"column":65},"end":{"line":9,"column":67}}],"line":8},"2":{"loc":{"start":{"line":9,"column":67},"end":{"line":13,"column":54}},"type":"if","locations":[{"start":{"line":9,"column":67},"end":{"line":13,"column":54}},{"start":{"line":13,"column":52},"end":{"line":13,"column":54}}],"line":9},"3":{"loc":{"start":{"line":13,"column":54},"end":{"line":28,"column":4}},"type":"if","locations":[{"start":{"line":13,"column":54},"end":{"line":28,"column":4}},{"start":{"line":28,"column":3},"end":{"line":28,"column":4}}],"line":13},"4":{"loc":{"start":{"line":16,"column":4},"end":{"line":18,"column":null}},"type":"if","locations":[{"start":{"line":16,"column":4},"end":{"line":18,"column":null}},{"start":{},"end":{}}],"line":16},"5":{"loc":{"start":{"line":28,"column":4},"end":{"line":50,"column":4}},"type":"if","locations":[{"start":{"line":28,"column":4},"end":{"line":50,"column":4}},{"start":{"line":50,"column":3},"end":{"line":50,"column":4}}],"line":28},"6":{"loc":{"start":{"line":34,"column":4},"end":{"line":34,"column":null}},"type":"if","locations":[{"start":{"line":34,"column":4},"end":{"line":34,"column":null}},{"start":{},"end":{}}],"line":34},"7":{"loc":{"start":{"line":37,"column":4},"end":{"line":37,"column":null}},"type":"if","locations":[{"start":{"line":37,"column":4},"end":{"line":37,"column":null}},{"start":{},"end":{}}],"line":37},"8":{"loc":{"start":{"line":50,"column":4},"end":{"line":60,"column":null}},"type":"if","locations":[{"start":{"line":50,"column":4},"end":{"line":60,"column":null}},{"start":{"line":60,"column":3},"end":{"line":60,"column":null}}],"line":50},"9":{"loc":{"start":{"line":50,"column":4},"end":{"line":50,"column":null}},"type":"binary-expr","locations":[{"start":{"line":50,"column":4},"end":{"line":50,"column":null}},{"start":{"line":50,"column":4},"end":{"line":50,"column":null}},{"start":{"line":50,"column":4},"end":{"line":50,"column":null}}],"line":50}},"s":{"0":2,"1":19,"2":19,"3":6,"4":13,"5":19,"6":19,"7":6,"8":13,"9":19,"10":19,"11":6,"12":13,"13":19,"14":19,"15":6,"16":3,"17":1,"18":1,"19":2,"20":2,"21":2,"22":13,"23":19,"24":19,"25":16,"26":10,"27":10,"28":0,"29":10,"30":0,"31":10,"32":10,"33":10,"34":10,"35":3,"36":19,"37":19,"38":18,"39":1,"40":19},"f":{"0":19,"1":3,"2":10},"b":{"0":[6,13],"1":[6,13],"2":[6,13],"3":[6,13],"4":[1,2],"5":[16,3],"6":[0,10],"7":[0,10],"8":[18,1],"9":[19,9,1]},"meta":{"lastBranch":10,"lastFunction":3,"lastStatement":41,"seen":{"s:6:13:60:Infinity":0,"f:6:13:6:23":0,"s:6:23:6:Infinity":1,"b:6:23:8:46:8:44:8:46":0,"s:6:23:8:46":2,"s:8:42:8:44":3,"s:8:44:8:46":4,"s:8:26:8:46":5,"b:8:46:9:67:9:65:9:67":1,"s:8:46:9:67":6,"s:9:63:9:65":7,"s:9:65:9:67":8,"s:9:44:9:67":9,"b:9:67:13:54:13:52:13:54":2,"s:9:67:13:54":10,"s:13:50:13:52":11,"s:13:52:13:54":12,"s:13:20:13:54":13,"b:13:54:28:4:28:3:28:4":3,"s:13:54:28:4":14,"s:15:32:27:30":15,"f:15:32:15:Infinity":1,"b:16:4:18:Infinity:undefined:undefined:undefined:undefined":4,"s:16:4:18:Infinity":16,"s:18:6:18:38":17,"s:18:38:18:Infinity":18,"s:22:17:22:Infinity":19,"s:24:4:24:Infinity":20,"s:27:4:27:Infinity":21,"s:28:3:28:4":22,"s:15:32:15:Infinity":23,"b:28:4:50:4:50:3:50:4":5,"s:28:4:50:4":24,"s:31:23:49:31":25,"f:31:23:31:Infinity":2,"s:32:4:32:Infinity":26,"b:34:4:34:Infinity:undefined:undefined:undefined:undefined":6,"s:34:4:34:Infinity":27,"s:34:20:34:Infinity":28,"b:37:4:37:Infinity:undefined:undefined:undefined:undefined":7,"s:37:4:37:Infinity":29,"s:37:37:37:Infinity":30,"s:40:4:40:Infinity":31,"s:43:17:43:Infinity":32,"s:46:4:46:Infinity":33,"s:49:4:49:Infinity":34,"s:50:3:50:4":35,"s:31:23:31:Infinity":36,"b:50:4:60:Infinity:60:3:60:Infinity":8,"s:50:4:60:Infinity":37,"b:50:4:50:Infinity:50:4:50:Infinity:50:4:50:Infinity":9,"s:52:9:60:3":38,"s:60:3:60:Infinity":39,"s:60:3:52:Infinity":40},"fnNames":{}}}
,"C:\\Users\\jose\\Documents\\proyectos react\\gifs-app\\test\\mocks\\giphy-response-data.ts": {"path":"C:\\Users\\jose\\Documents\\proyectos react\\gifs-app\\test\\mocks\\giphy-response-data.ts","statementMap":{"0":{"start":{"line":1,"column":39},"end":{"line":2156,"column":null}}},"fnMap":{},"branchMap":{},"s":{"0":1},"f":{},"b":{},"meta":{"lastBranch":0,"lastFunction":0,"lastStatement":1,"seen":{"s:1:39:2156:Infinity":0},"fnNames":{}}}
}
